<?xml version="1.0" encoding="UTF-8"?>
<!-- Generated by org.testng.reporters.JUnitXMLReporter -->
<testsuite ignored="0" hostname="DESKTOP-DOLH4US" failures="0" tests="10" name="Assigments Test" time="27.893" errors="0" timestamp="2021-05-16T19:29:27 CST">
  <testcase classname="selenium.assignments.SeleniumExercise1to5" name="exer1to5" time="5.28"/>
  <testcase classname="selenium.assignments.SeleniumExercise6to7" name="exer6to7" time="1.417"/>
  <testcase classname="selenium.assignments.SeleniumExercise8to9" name="exerc8to99" time="0.659"/>
  <testcase classname="selenium.assignments.SeleniumExercise8to9" name="exerc8to99" time="0.633"/>
  <testcase classname="selenium.assignments.SeleniumExercise8to9" name="exerc8to99" time="0.935"/>
  <testcase classname="selenium.assignments.SeleniumExercise8to9" name="exerc8to99" time="0.32"/>
  <testcase classname="selenium.assignments.SeleniumExercise8to9" name="exerc8to99" time="2.056"/>
  <testcase classname="selenium.assignments.SeleniumExercise8to9" name="exerc8to99" time="0.364"/>
  <testcase classname="selenium.assignments.SeleniumExercise13" name="exer13" time="5.114"/>
  <testcase classname="selenium.assignments.SeleniumExercise14to15" name="exer14to15" time="1.76"/>
</testsuite> <!-- Assigments Test -->
