<?xml version="1.0" encoding="UTF-8"?>
<testng-results ignored="0" total="1" passed="1" failed="0" skipped="0">
  <reporter-output>
  </reporter-output>
  <suite started-at="2021-05-16T20:03:52 CST" name="Default suite" finished-at="2021-05-16T20:03:53 CST" duration-ms="369">
    <groups>
      <group name="cucumber">
        <method signature="TestRunner.feature(cucumber.api.testng.CucumberFeatureWrapper)[pri:0, instance:cucumber.assignment.TestRunner@73700b80]" name="feature" class="cucumber.assignment.TestRunner"/>
      </group> <!-- cucumber -->
    </groups>
    <test started-at="2021-05-16T20:03:52 CST" name="Default test" finished-at="2021-05-16T20:03:53 CST" duration-ms="369">
      <class name="cucumber.assignment.TestRunner">
        <test-method is-config="true" signature="setUpCucumber()[pri:0, instance:cucumber.assignment.TestRunner@73700b80]" started-at="2021-05-16T20:03:52 CST" name="setUpCucumber" finished-at="2021-05-16T20:03:52 CST" duration-ms="132" status="PASS">
          <reporter-output>
          </reporter-output>
        </test-method> <!-- setUpCucumber -->
        <test-method signature="feature(cucumber.api.testng.CucumberFeatureWrapper)[pri:0, instance:cucumber.assignment.TestRunner@73700b80]" started-at="2021-05-16T20:03:52 CST" name="feature" description="Runs Cucumber Feature" data-provider="features" finished-at="2021-05-16T20:03:53 CST" duration-ms="164" status="PASS">
          <params>
            <param index="0">
              <value>
                <![CDATA[Cucumber and ATDD Assignment]]>
              </value>
            </param>
          </params>
          <reporter-output>
          </reporter-output>
        </test-method> <!-- feature -->
        <test-method is-config="true" signature="tearDownClass()[pri:0, instance:cucumber.assignment.TestRunner@73700b80]" started-at="2021-05-16T20:03:53 CST" name="tearDownClass" finished-at="2021-05-16T20:03:53 CST" duration-ms="8" status="PASS">
          <reporter-output>
          </reporter-output>
        </test-method> <!-- tearDownClass -->
      </class> <!-- cucumber.assignment.TestRunner -->
    </test> <!-- Default test -->
  </suite> <!-- Default suite -->
</testng-results>
